[04/01/2015 12:03:01 PM] [sync_p0f_logs] /usr/hp/p0f-hacs102_groupF_20150401_1200.log
[04/01/2015 12:30:02 PM] [backup] CRONTAB: Recycling Honeypots
[04/01/2015 12:30:02 PM] [hpctl] STOPPING HP 124
[04/01/2015 12:30:22 PM] [hpctl] STARTING HP 124
DEBUG: Firewall MODE 2
[04/01/2015 12:30:22 PM] [hpctl] STOPPING HP 148
[04/01/2015 12:30:49 PM] [hpctl] STARTING HP 148
DEBUG: Firewall MODE 2
[04/01/2015 01:03:02 PM] [sync_p0f_logs] /usr/hp/p0f-hacs102_groupF_20150401_1300.log
[04/01/2015 01:30:01 PM] [backup] CRONTAB: Recycling Honeypots
[04/01/2015 01:30:01 PM] [hpctl] STOPPING HP 124
[04/01/2015 01:30:22 PM] [hpctl] STARTING HP 124
DEBUG: Firewall MODE 2
[04/01/2015 01:30:22 PM] [hpctl] STOPPING HP 148
[04/01/2015 01:30:44 PM] [hpctl] STARTING HP 148
DEBUG: Firewall MODE 2
[04/01/2015 02:03:01 PM] [sync_p0f_logs] /usr/hp/p0f-hacs102_groupF_20150401_1400.log
[04/01/2015 02:30:01 PM] [backup] CRONTAB: Recycling Honeypots
[04/01/2015 02:30:02 PM] [hpctl] STOPPING HP 124
[04/01/2015 02:30:22 PM] [hpctl] STARTING HP 124
DEBUG: Firewall MODE 2
[04/01/2015 02:30:22 PM] [hpctl] STOPPING HP 148
[04/01/2015 02:30:41 PM] [hpctl] STARTING HP 148
DEBUG: Firewall MODE 2
[04/01/2015 03:03:01 PM] [sync_p0f_logs] /usr/hp/p0f-hacs102_groupF_20150401_1500.log
[04/01/2015 03:30:01 PM] [backup] CRONTAB: Recycling Honeypots
[04/01/2015 03:30:02 PM] [hpctl] STOPPING HP 124
[04/01/2015 03:30:24 PM] [hpctl] STARTING HP 124
DEBUG: Firewall MODE 2
[04/01/2015 03:30:24 PM] [hpctl] STOPPING HP 148
[04/01/2015 03:30:45 PM] [hpctl] STARTING HP 148
DEBUG: Firewall MODE 2
[04/01/2015 04:03:01 PM] [sync_p0f_logs] /usr/hp/p0f-hacs102_groupF_20150401_1600.log
[04/01/2015 04:30:01 PM] [backup] CRONTAB: Recycling Honeypots
[04/01/2015 04:30:01 PM] [hpctl] STOPPING HP 124
[04/01/2015 04:30:23 PM] [hpctl] STARTING HP 124
DEBUG: Firewall MODE 2
[04/01/2015 04:30:23 PM] [hpctl] STOPPING HP 148
[04/01/2015 04:30:40 PM] [hpctl] STARTING HP 148
DEBUG: Firewall MODE 2
[04/01/2015 05:03:01 PM] [sync_p0f_logs] /usr/hp/p0f-hacs102_groupF_20150401_1700.log
[04/01/2015 05:30:01 PM] [backup] CRONTAB: Recycling Honeypots
[04/01/2015 05:30:01 PM] [hpctl] STOPPING HP 124
[04/01/2015 05:30:21 PM] [hpctl] STARTING HP 124
[04/01/2015 05:30:21 PM] [hpctl] DEBUG: Firewall MODE 2
[04/01/2015 05:30:21 PM] [hpctl] STOPPING HP 148
[04/01/2015 05:30:40 PM] [hpctl] STARTING HP 148
[04/01/2015 05:30:40 PM] [hpctl] DEBUG: Firewall MODE 2
[04/01/2015 06:03:02 PM] [sync_p0f_logs] /usr/hp/p0f-hacs102_groupF_20150401_1800.log
[04/01/2015 06:30:01 PM] [backup] CRONTAB: Recycling Honeypots
[04/01/2015 06:30:01 PM] [hpctl] STOPPING HP 124
[04/01/2015 06:30:20 PM] [hpctl] STARTING HP 124
[04/01/2015 06:30:20 PM] [hpctl] DEBUG: Firewall MODE 2
[04/01/2015 06:30:20 PM] [hpctl] STOPPING HP 148
[04/01/2015 06:30:37 PM] [hpctl] STARTING HP 148
[04/01/2015 06:30:37 PM] [hpctl] DEBUG: Firewall MODE 2
[04/01/2015 07:03:01 PM] [sync_p0f_logs] /usr/hp/p0f-hacs102_groupF_20150401_1900.log
[04/01/2015 07:30:01 PM] [backup] CRONTAB: Recycling Honeypots
[04/01/2015 07:30:01 PM] [hpctl] STOPPING HP 124
[04/01/2015 07:30:19 PM] [hpctl] STARTING HP 124
[04/01/2015 07:30:19 PM] [hpctl] DEBUG: Firewall MODE 2
[04/01/2015 07:30:19 PM] [hpctl] STOPPING HP 148
[04/01/2015 07:30:34 PM] [hpctl] STARTING HP 148
[04/01/2015 07:30:35 PM] [hpctl] DEBUG: Firewall MODE 2
[04/01/2015 08:03:01 PM] [sync_p0f_logs] /usr/hp/p0f-hacs102_groupF_20150401_2000.log
[04/01/2015 08:30:01 PM] [backup] CRONTAB: Recycling Honeypots
[04/01/2015 08:30:01 PM] [hpctl] STOPPING HP 124
[04/01/2015 08:30:21 PM] [hpctl] STARTING HP 124
[04/01/2015 08:30:21 PM] [hpctl] DEBUG: Firewall MODE 2
[04/01/2015 08:30:21 PM] [hpctl] STOPPING HP 148
[04/01/2015 08:30:41 PM] [hpctl] STARTING HP 148
[04/01/2015 08:30:41 PM] [hpctl] DEBUG: Firewall MODE 2
[04/01/2015 09:03:02 PM] [sync_p0f_logs] /usr/hp/p0f-hacs102_groupF_20150401_2100.log
[04/01/2015 09:30:01 PM] [backup] CRONTAB: Recycling Honeypots
[04/01/2015 09:30:01 PM] [hpctl] STOPPING HP 124
[04/01/2015 09:30:22 PM] [hpctl] STARTING HP 124
[04/01/2015 09:30:22 PM] [hpctl] DEBUG: Firewall MODE 2
[04/01/2015 09:30:22 PM] [hpctl] STOPPING HP 148
[04/01/2015 09:30:40 PM] [hpctl] STARTING HP 148
[04/01/2015 09:30:41 PM] [hpctl] DEBUG: Firewall MODE 2
[04/01/2015 10:03:01 PM] [sync_p0f_logs] /usr/hp/p0f-hacs102_groupF_20150401_2200.log
[04/01/2015 10:30:01 PM] [backup] CRONTAB: Recycling Honeypots
[04/01/2015 10:30:01 PM] [hpctl] STOPPING HP 124
[04/01/2015 10:30:20 PM] [hpctl] STARTING HP 124
[04/01/2015 10:30:21 PM] [hpctl] DEBUG: Firewall MODE 2
[04/01/2015 10:30:21 PM] [hpctl] STOPPING HP 148
[04/01/2015 10:30:40 PM] [hpctl] STARTING HP 148
[04/01/2015 10:30:41 PM] [hpctl] DEBUG: Firewall MODE 2
[04/01/2015 11:03:01 PM] [sync_p0f_logs] /usr/hp/p0f-hacs102_groupF_20150401_2300.log
[04/01/2015 11:30:01 PM] [backup] CRONTAB: Recycling Honeypots
[04/01/2015 11:30:01 PM] [hpctl] STOPPING HP 124
[04/01/2015 11:30:20 PM] [hpctl] STARTING HP 124
[04/01/2015 11:30:20 PM] [hpctl] DEBUG: Firewall MODE 2
[04/01/2015 11:30:20 PM] [hpctl] STOPPING HP 148
[04/01/2015 11:30:39 PM] [hpctl] STARTING HP 148
[04/01/2015 11:30:39 PM] [hpctl] DEBUG: Firewall MODE 2
[04/02/2015 12:03:02 AM] [sync_p0f_logs] /usr/hp/p0f-hacs102_groupF_20150402_0000.log
[04/02/2015 12:30:01 AM] [backup] CRONTAB: Recycling Honeypots
[04/02/2015 12:30:01 AM] [hpctl] STOPPING HP 124
[04/02/2015 12:30:19 AM] [hpctl] STARTING HP 124
[04/02/2015 12:30:19 AM] [hpctl] DEBUG: Firewall MODE 2
[04/02/2015 12:30:19 AM] [hpctl] STOPPING HP 148
[04/02/2015 12:30:34 AM] [hpctl] STARTING HP 148
[04/02/2015 12:30:34 AM] [hpctl] DEBUG: Firewall MODE 2
[04/02/2015 01:03:01 AM] [sync_p0f_logs] /usr/hp/p0f-hacs102_groupF_20150402_0100.log
[04/02/2015 01:30:01 AM] [backup] CRONTAB: Recycling Honeypots
[04/02/2015 01:30:02 AM] [hpctl] STOPPING HP 124
[04/02/2015 01:30:21 AM] [hpctl] STARTING HP 124
[04/02/2015 01:30:21 AM] [hpctl] DEBUG: Firewall MODE 2
[04/02/2015 01:30:21 AM] [hpctl] STOPPING HP 148
[04/02/2015 01:30:40 AM] [hpctl] STARTING HP 148
[04/02/2015 01:30:41 AM] [hpctl] DEBUG: Firewall MODE 2
[04/02/2015 02:03:01 AM] [sync_p0f_logs] /usr/hp/p0f-hacs102_groupF_20150402_0200.log
[04/02/2015 02:30:01 AM] [backup] CRONTAB: Recycling Honeypots
[04/02/2015 02:30:01 AM] [hpctl] STOPPING HP 124
[04/02/2015 02:30:20 AM] [hpctl] STARTING HP 124
[04/02/2015 02:30:20 AM] [hpctl] DEBUG: Firewall MODE 2
[04/02/2015 02:30:20 AM] [hpctl] STOPPING HP 148
[04/02/2015 02:30:36 AM] [hpctl] STARTING HP 148
[04/02/2015 02:30:36 AM] [hpctl] DEBUG: Firewall MODE 2
