Apr  2 14:31:44 ovzhost sshd[780]: Connection closed by 127.0.0.1 [preauth]
Apr  2 14:35:40 ovzhost sshd[811]: Connection closed by 128.8.37.120 [preauth]
Apr  2 14:36:44 ovzhost sshd[820]: Connection closed by 127.0.0.1 [preauth]
Apr  2 15:39:01 ovzhost CRON[766]: pam_env(cron:session): Unable to open env file: /etc/default/locale: No such file or directory
Apr  2 15:39:01 ovzhost CRON[766]: pam_unix(cron:session): session opened for user root by (uid=0)
Apr  2 15:39:01 ovzhost CRON[766]: pam_unix(cron:session): session closed for user root
Apr  2 15:40:01 ovzhost CRON[777]: pam_env(cron:session): Unable to open env file: /etc/default/locale: No such file or directory
Apr  2 15:40:01 ovzhost CRON[777]: pam_unix(cron:session): session opened for user smmsp by (uid=0)
Apr  2 15:40:01 ovzhost CRON[777]: pam_unix(cron:session): session closed for user smmsp
Apr  2 16:00:01 ovzhost CRON[803]: pam_env(cron:session): Unable to open env file: /etc/default/locale: No such file or directory
Apr  2 16:00:01 ovzhost CRON[803]: pam_unix(cron:session): session opened for user smmsp by (uid=0)
Apr  2 16:00:01 ovzhost CRON[803]: pam_unix(cron:session): session closed for user smmsp
Apr  2 16:09:01 ovzhost CRON[831]: pam_env(cron:session): Unable to open env file: /etc/default/locale: No such file or directory
Apr  2 16:09:01 ovzhost CRON[830]: pam_env(cron:session): Unable to open env file: /etc/default/locale: No such file or directory
Apr  2 16:09:01 ovzhost CRON[830]: pam_unix(cron:session): session opened for user root by (uid=0)
Apr  2 16:09:01 ovzhost CRON[831]: pam_unix(cron:session): session opened for user root by (uid=0)
Apr  2 16:09:01 ovzhost CRON[830]: pam_unix(cron:session): session closed for user root
Apr  2 16:09:01 ovzhost CRON[831]: pam_unix(cron:session): session closed for user root
Apr  2 16:20:01 ovzhost CRON[844]: pam_env(cron:session): Unable to open env file: /etc/default/locale: No such file or directory
Apr  2 16:20:01 ovzhost CRON[844]: pam_unix(cron:session): session opened for user smmsp by (uid=0)
Apr  2 16:20:01 ovzhost CRON[844]: pam_unix(cron:session): session closed for user smmsp
